# JRE version: OpenJDK Runtime Environment (8.0_152-b01) (build 1.8.0_152-release-915-b01)
# Java VM: OpenJDK 64-Bit Server VM (25.152-b01 mixed mode windows-amd64 compressed oops)
Heap:
 PSYoungGen      total 462336K, used 121254K [0x00000000e0000000, 0x00000000ff780000, 0x0000000100000000)
  eden space 409088K, 24% used [0x00000000e0000000,0x00000000e6328d20,0x00000000f8f80000)
  from space 53248K, 37% used [0x00000000fc380000,0x00000000fd6c0d08,0x00000000ff780000)
  to   space 53248K, 0% used [0x00000000f8f80000,0x00000000f8f80000,0x00000000fc380000)
 ParOldGen       total 281600K, used 148822K [0x00000000a0000000, 0x00000000b1300000, 0x00000000e0000000)
  object space 281600K, 52% used [0x00000000a0000000,0x00000000a9155808,0x00000000b1300000)
 Metaspace       used 106810K, capacity 115602K, committed 115968K, reserved 1150976K
  class space    used 13235K, capacity 15242K, committed 15360K, reserved 1048576K
GC Heap History (10 events):
Event: 2144.965 GC heap before
{Heap before GC invocations=63 (full 5):
 PSYoungGen      total 390656K, used 390274K [0x00000000e0000000, 0x00000000ffb00000, 0x0000000100000000)
  eden space 384000K, 100% used [0x00000000e0000000,0x00000000f7700000,0x00000000f7700000)
  from space 6656K, 94% used [0x00000000f7700000,0x00000000f7d20938,0x00000000f7d80000)
  to   space 67584K, 0% used [0x00000000fb900000,0x00000000fb900000,0x00000000ffb00000)
 ParOldGen       total 281600K, used 133661K [0x00000000a0000000, 0x00000000b1300000, 0x00000000e0000000)
  object space 281600K, 47% used [0x00000000a0000000,0x00000000a8287688,0x00000000b1300000)
 Metaspace       used 105955K, capacity 113774K, committed 114176K, reserved 1148928K
  class space    used 13077K, capacity 14918K, committed 15104K, reserved 1048576K
Event: 2145.191 GC heap after
Heap after GC invocations=63 (full 5):
 PSYoungGen      total 455168K, used 16347K [0x00000000e0000000, 0x0000000100000000, 0x0000000100000000)
  eden space 387584K, 0% used [0x00000000e0000000,0x00000000e0000000,0x00000000f7a80000)
  from space 67584K, 24% used [0x00000000fb900000,0x00000000fc8f6cc8,0x00000000ffb00000)
  to   space 64000K, 0% used [0x00000000f7a80000,0x00000000f7a80000,0x00000000fb900000)
 ParOldGen       total 281600K, used 134390K [0x00000000a0000000, 0x00000000b1300000, 0x00000000e0000000)
  object space 281600K, 47% used [0x00000000a0000000,0x00000000a833da20,0x00000000b1300000)
 Metaspace       used 105955K, capacity 113774K, committed 114176K, reserved 1148928K
  class space    used 13077K, capacity 14918K, committed 15104K, reserved 1048576K
}
Event: 2151.355 GC heap before
{Heap before GC invocations=64 (full 5):
 PSYoungGen      total 455168K, used 403931K [0x00000000e0000000, 0x0000000100000000, 0x0000000100000000)
  eden space 387584K, 100% used [0x00000000e0000000,0x00000000f7a80000,0x00000000f7a80000)
  from space 67584K, 24% used [0x00000000fb900000,0x00000000fc8f6cc8,0x00000000ffb00000)
  to   space 64000K, 0% used [0x00000000f7a80000,0x00000000f7a80000,0x00000000fb900000)
 ParOldGen       total 281600K, used 134390K [0x00000000a0000000, 0x00000000b1300000, 0x00000000e0000000)
  object space 281600K, 47% used [0x00000000a0000000,0x00000000a833da20,0x00000000b1300000)
 Metaspace       used 105973K, capacity 113774K, committed 114176K, reserved 1148928K
  class space    used 13078K, capacity 14918K, committed 15104K, reserved 1048576K
Event: 2151.605 GC heap after
Heap after GC invocations=64 (full 5):
 PSYoungGen      total 451584K, used 16605K [0x00000000e0000000, 0x00000000ff580000, 0x0000000100000000)
  eden space 387584K, 0% used [0x00000000e0000000,0x00000000e0000000,0x00000000f7a80000)
  from space 64000K, 25% used [0x00000000f7a80000,0x00000000f8ab7538,0x00000000fb900000)
  to   space 60416K, 0% used [0x00000000fba80000,0x00000000fba80000,0x00000000ff580000)
 ParOldGen       total 281600K, used 141553K [0x00000000a0000000, 0x00000000b1300000, 0x00000000e0000000)
  object space 281600K, 50% used [0x00000000a0000000,0x00000000a8a3c748,0x00000000b1300000)
 Metaspace       used 105973K, capacity 113774K, committed 114176K, reserved 1148928K
  class space    used 13078K, capacity 14918K, committed 15104K, reserved 1048576K
}
Event: 2155.725 GC heap before
{Heap before GC invocations=65 (full 5):
 PSYoungGen      total 451584K, used 404154K [0x00000000e0000000, 0x00000000ff580000, 0x0000000100000000)
  eden space 387584K, 99% used [0x00000000e0000000,0x00000000f7a776a0,0x00000000f7a80000)
  from space 64000K, 25% used [0x00000000f7a80000,0x00000000f8ab7538,0x00000000fb900000)
  to   space 60416K, 0% used [0x00000000fba80000,0x00000000fba80000,0x00000000ff580000)
 ParOldGen       total 281600K, used 141553K [0x00000000a0000000, 0x00000000b1300000, 0x00000000e0000000)
  object space 281600K, 50% used [0x00000000a0000000,0x00000000a8a3c748,0x00000000b1300000)
 Metaspace       used 105978K, capacity 113774K, committed 114176K, reserved 1148928K
  class space    used 13078K, capacity 14918K, committed 15104K, reserved 1048576K
Event: 2155.859 GC heap after
Heap after GC invocations=65 (full 5):
 PSYoungGen      total 455168K, used 9539K [0x00000000e0000000, 0x00000000ff880000, 0x0000000100000000)
  eden space 394752K, 0% used [0x00000000e0000000,0x00000000e0000000,0x00000000f8180000)
  from space 60416K, 15% used [0x00000000fba80000,0x00000000fc3d0ce8,0x00000000ff580000)
  to   space 58368K, 0% used [0x00000000f8180000,0x00000000f8180000,0x00000000fba80000)
 ParOldGen       total 281600K, used 146177K [0x00000000a0000000, 0x00000000b1300000, 0x00000000e0000000)
  object space 281600K, 51% used [0x00000000a0000000,0x00000000a8ec04e0,0x00000000b1300000)
 Metaspace       used 105978K, capacity 113774K, committed 114176K, reserved 1148928K
  class space    used 13078K, capacity 14918K, committed 15104K, reserved 1048576K
}
Event: 2190.006 GC heap before
{Heap before GC invocations=66 (full 5):
 PSYoungGen      total 455168K, used 404291K [0x00000000e0000000, 0x00000000ff880000, 0x0000000100000000)
  eden space 394752K, 100% used [0x00000000e0000000,0x00000000f8180000,0x00000000f8180000)
  from space 60416K, 15% used [0x00000000fba80000,0x00000000fc3d0ce8,0x00000000ff580000)
  to   space 58368K, 0% used [0x00000000f8180000,0x00000000f8180000,0x00000000fba80000)
 ParOldGen       total 281600K, used 146177K [0x00000000a0000000, 0x00000000b1300000, 0x00000000e0000000)
  object space 281600K, 51% used [0x00000000a0000000,0x00000000a8ec04e0,0x00000000b1300000)
 Metaspace       used 106011K, capacity 113782K, committed 114176K, reserved 1148928K
  class space    used 13079K, capacity 14918K, committed 15104K, reserved 1048576K
Event: 2190.119 GC heap after
Heap after GC invocations=66 (full 5):
 PSYoungGen      total 453120K, used 5784K [0x00000000e0000000, 0x00000000ffb00000, 0x0000000100000000)
  eden space 394752K, 0% used [0x00000000e0000000,0x00000000e0000000,0x00000000f8180000)
  from space 58368K, 9% used [0x00000000f8180000,0x00000000f87262f0,0x00000000fba80000)
  to   space 56832K, 0% used [0x00000000fc380000,0x00000000fc380000,0x00000000ffb00000)
 ParOldGen       total 281600K, used 148513K [0x00000000a0000000, 0x00000000b1300000, 0x00000000e0000000)
  object space 281600K, 52% used [0x00000000a0000000,0x00000000a91087f8,0x00000000b1300000)
 Metaspace       used 106011K, capacity 113782K, committed 114176K, reserved 1148928K
  class space    used 13079K, capacity 14918K, committed 15104K, reserved 1048576K
}
Event: 2369.676 GC heap before
{Heap before GC invocations=67 (full 5):
 PSYoungGen      total 453120K, used 400536K [0x00000000e0000000, 0x00000000ffb00000, 0x0000000100000000)
  eden space 394752K, 100% used [0x00000000e0000000,0x00000000f8180000,0x00000000f8180000)
  from space 58368K, 9% used [0x00000000f8180000,0x00000000f87262f0,0x00000000fba80000)
  to   space 56832K, 0% used [0x00000000fc380000,0x00000000fc380000,0x00000000ffb00000)
 ParOldGen       total 281600K, used 148513K [0x00000000a0000000, 0x00000000b1300000, 0x00000000e0000000)
  object space 281600K, 52% used [0x00000000a0000000,0x00000000a91087f8,0x00000000b1300000)
 Metaspace       used 106634K, capacity 115314K, committed 115584K, reserved 1148928K
  class space    used 13209K, capacity 15194K, committed 15232K, reserved 1048576K
Event: 2370.178 GC heap after
Heap after GC invocations=67 (full 5):
 PSYoungGen      total 462336K, used 19715K [0x00000000e0000000, 0x00000000ff780000, 0x0000000100000000)
  eden space 409088K, 0% used [0x00000000e0000000,0x00000000e0000000,0x00000000f8f80000)
  from space 53248K, 37% used [0x00000000fc380000,0x00000000fd6c0d08,0x00000000ff780000)
  to   space 53248K, 0% used [0x00000000f8f80000,0x00000000f8f80000,0x00000000fc380000)
 ParOldGen       total 281600K, used 148822K [0x00000000a0000000, 0x00000000b1300000, 0x00000000e0000000)
  object space 281600K, 52% used [0x00000000a0000000,0x00000000a9155808,0x00000000b1300000)
 Metaspace       used 106634K, capacity 115314K, committed 115584K, reserved 1148928K
  class space    used 13209K, capacity 15194K, committed 15232K, reserved 1048576K
}

